0 info it worked if it ends with ok
1 verbose cli [ '/usr/bin/node', '/usr/bin/npm', 'install', '-g', 'dredd' ]
2 info using npm@2.15.11
3 info using node@v4.8.4
4 verbose install initial load of /usr/lib/package.json
5 verbose readDependencies loading dependencies from /usr/lib/package.json
6 silly cache add args [ 'dredd', null ]
7 verbose cache add spec dredd
8 silly cache add parsed spec Result {
8 silly cache add   raw: 'dredd',
8 silly cache add   scope: null,
8 silly cache add   name: 'dredd',
8 silly cache add   rawSpec: '',
8 silly cache add   spec: 'latest',
8 silly cache add   type: 'tag' }
9 silly addNamed dredd@latest
10 verbose addNamed "latest" is being treated as a dist-tag for dredd
11 info addNameTag [ 'dredd', 'latest' ]
12 silly mapToRegistry name dredd
13 silly mapToRegistry using default registry
14 silly mapToRegistry registry https://registry.npmjs.org/
15 silly mapToRegistry data Result {
15 silly mapToRegistry   raw: 'dredd',
15 silly mapToRegistry   scope: null,
15 silly mapToRegistry   name: 'dredd',
15 silly mapToRegistry   rawSpec: '',
15 silly mapToRegistry   spec: 'latest',
15 silly mapToRegistry   type: 'tag' }
16 silly mapToRegistry uri https://registry.npmjs.org/dredd
17 verbose addNameTag registry:https://registry.npmjs.org/dredd not in flight; fetching
18 verbose request uri https://registry.npmjs.org/dredd
19 verbose request no auth needed
20 info attempt registry request try #1 at 7:28:19 AM
21 verbose request id 596ecc95e3ee4508
22 http request GET https://registry.npmjs.org/dredd
23 http 200 https://registry.npmjs.org/dredd
24 verbose headers { server: 'nginx/1.10.1',
24 verbose headers   'content-type': 'application/json',
24 verbose headers   'last-modified': 'Thu, 07 Sep 2017 20:37:16 GMT',
24 verbose headers   etag: 'W/"59b1adfc-4690e"',
24 verbose headers   'content-encoding': 'gzip',
24 verbose headers   'cache-control': 'max-age=300',
24 verbose headers   'content-length': '18524',
24 verbose headers   'accept-ranges': 'bytes',
24 verbose headers   date: 'Fri, 08 Sep 2017 11:28:19 GMT',
24 verbose headers   via: '1.1 varnish',
24 verbose headers   age: '0',
24 verbose headers   connection: 'keep-alive',
24 verbose headers   'x-served-by': 'cache-ams4126-AMS',
24 verbose headers   'x-cache': 'MISS',
24 verbose headers   'x-cache-hits': '0',
24 verbose headers   'x-timer': 'S1504870100.687233,VS0,VE18',
24 verbose headers   vary: 'Accept-Encoding, Accept' }
25 silly get cb [ 200,
25 silly get   { server: 'nginx/1.10.1',
25 silly get     'content-type': 'application/json',
25 silly get     'last-modified': 'Thu, 07 Sep 2017 20:37:16 GMT',
25 silly get     etag: 'W/"59b1adfc-4690e"',
25 silly get     'content-encoding': 'gzip',
25 silly get     'cache-control': 'max-age=300',
25 silly get     'content-length': '18524',
25 silly get     'accept-ranges': 'bytes',
25 silly get     date: 'Fri, 08 Sep 2017 11:28:19 GMT',
25 silly get     via: '1.1 varnish',
25 silly get     age: '0',
25 silly get     connection: 'keep-alive',
25 silly get     'x-served-by': 'cache-ams4126-AMS',
25 silly get     'x-cache': 'MISS',
25 silly get     'x-cache-hits': '0',
25 silly get     'x-timer': 'S1504870100.687233,VS0,VE18',
25 silly get     vary: 'Accept-Encoding, Accept' } ]
26 verbose get saving dredd to /home/oracle/.npm/registry.npmjs.org/dredd/.cache.json
27 verbose correctMkdir /home/oracle/.npm correctMkdir not in flight; initializing
28 verbose makeDirectory /home/oracle/.npm creation not in flight; initializing
29 silly makeDirectory /home/oracle/.npm uid: 1000 gid: 1001
30 silly addNameTag next cb for dredd with tag latest
31 silly addNamed dredd@4.5.0
32 verbose addNamed "4.5.0" is a plain semver version for dredd
33 silly mapToRegistry name dredd
34 silly mapToRegistry using default registry
35 silly mapToRegistry registry https://registry.npmjs.org/
36 silly mapToRegistry data Result {
36 silly mapToRegistry   raw: 'dredd',
36 silly mapToRegistry   scope: null,
36 silly mapToRegistry   name: 'dredd',
36 silly mapToRegistry   rawSpec: '',
36 silly mapToRegistry   spec: 'latest',
36 silly mapToRegistry   type: 'tag' }
37 silly mapToRegistry uri https://registry.npmjs.org/dredd
38 verbose addRemoteTarball https://registry.npmjs.org/dredd/-/dredd-4.5.0.tgz not in flight; adding
39 verbose addRemoteTarball [ 'https://registry.npmjs.org/dredd/-/dredd-4.5.0.tgz',
39 verbose addRemoteTarball   'a29e95a750d0efa540cd0eeb676af8ab9ccbc017' ]
40 info retry fetch attempt 1 at 7:28:19 AM
41 info attempt registry request try #1 at 7:28:19 AM
42 http fetch GET https://registry.npmjs.org/dredd/-/dredd-4.5.0.tgz
43 http fetch 200 https://registry.npmjs.org/dredd/-/dredd-4.5.0.tgz
44 silly fetchAndShaCheck shasum a29e95a750d0efa540cd0eeb676af8ab9ccbc017
45 verbose addTmpTarball /tmp/npm-8025-842bbafc/registry.npmjs.org/dredd/-/dredd-4.5.0.tgz not in flight; adding
46 verbose addTmpTarball already have metadata; skipping unpack for dredd@4.5.0
47 verbose correctMkdir /home/oracle/.npm correctMkdir not in flight; initializing
48 silly cache afterAdd dredd@4.5.0
49 verbose afterAdd /home/oracle/.npm/dredd/4.5.0/package/package.json not in flight; writing
50 verbose correctMkdir /home/oracle/.npm correctMkdir not in flight; initializing
51 verbose afterAdd /home/oracle/.npm/dredd/4.5.0/package/package.json written
52 silly install resolved [ { name: 'dredd',
52 silly install resolved     version: '4.5.0',
52 silly install resolved     description: 'HTTP API Testing Framework',
52 silly install resolved     main: 'lib/dredd.js',
52 silly install resolved     bin: { dredd: 'bin/dredd' },
52 silly install resolved     engines: { node: '>= 4' },
52 silly install resolved     scripts:
52 silly install resolved      { lint: 'conventional-changelog-lint --from=master && coffeelint src',
52 silly install resolved        build: 'coffee -b -c -o lib/ src/',
52 silly install resolved        'build:watch': 'coffee -b -w -o lib/ src/',
52 silly install resolved        'docs:lint': 'sphinx-build -nW -b linkcheck docs docs/_build/',
52 silly install resolved        'docs:build': 'sphinx-build -nW -b html docs docs/_build/',
52 silly install resolved        'docs:serve': 'sphinx-autobuild docs docs/_build/',
52 silly install resolved        'docs:install': 'pip install -r docs/requirements.txt',
52 silly install resolved        pretest: 'npm run build',
52 silly install resolved        test: 'mocha "test/**/*-test.coffee"',
52 silly install resolved        'test:coverage': 'scripts/coverage.sh',
52 silly install resolved        prepublish: 'npm run build',
52 silly install resolved        coveralls: 'scripts/coveralls.sh',
52 silly install resolved        'semantic-release': 'scripts/semantic-release.sh' },
52 silly install resolved     repository:
52 silly install resolved      { type: 'git',
52 silly install resolved        url: 'git+https://github.com/apiaryio/dredd.git' },
52 silly install resolved     dependencies:
52 silly install resolved      { async: '^2.3.0',
52 silly install resolved        caseless: '^0.12.0',
52 silly install resolved        chai: '^4.0.2',
52 silly install resolved        clone: '^2.1.1',
52 silly install resolved        'coffee-script': '^1.12.5',
52 silly install resolved        colors: '^1.1.2',
52 silly install resolved        'cross-spawn': '^5.0.1',
52 silly install resolved        'dredd-transactions': '^4.3.4',
52 silly install resolved        file: '^0.2.2',
52 silly install resolved        gavel: '^1.1.1',
52 silly install resolved        glob: '^7.0.5',
52 silly install resolved        html: '^1.0.0',
52 silly install resolved        htmlencode: '0.0.4',
52 silly install resolved        inquirer: '^1.1.0',
52 silly install resolved        'js-yaml': '^3.8.3',
52 silly install resolved        'markdown-it': '^8.3.1',
52 silly install resolved        optimist: '^0.6.1',
52 silly install resolved        'pitboss-ng': '^0.3.3',
52 silly install resolved        proxyquire: '^1.7.10',
52 silly install resolved        request: '^2.81.0',
52 silly install resolved        'spawn-args': '^0.2.0',
52 silly install resolved        uuid: '^3.0.0',
52 silly install resolved        which: '^1.2.14',
52 silly install resolved        winston: '^2.2.0' },
52 silly install resolved     devDependencies:
52 silly install resolved      { 'body-parser': '^1.17.1',
52 silly install resolved        'coffee-coverage': '^2.0.1',
52 silly install resolved        coffeelint: '^1.15.7',
52 silly install resolved        'conventional-changelog-lint': '^1.1.9',
52 silly install resolved        coveralls: '^2.13.0',
52 silly install resolved        'cz-conventional-changelog': '^2.0.0',
52 silly install resolved        drafter: '^1.0.0',
52 silly install resolved        ect: '^0.5.9',
52 silly install resolved        express: '^4.15.2',
52 silly install resolved        hercule: '^4.0.1',
52 silly install resolved        jscoverage: '^0.6.0',
52 silly install resolved        'lcov-result-merger': '^1.2.0',
52 silly install resolved        mocha: '^3.0.0',
52 silly install resolved        'mocha-lcov-reporter': '^1.3.0',
52 silly install resolved        nock: '^9.0.13',
52 silly install resolved        'ps-node': '^0.1.5',
52 silly install resolved        'semantic-release': '^7.0.2',
52 silly install resolved        sinon: '^2.1.0' },
52 silly install resolved     keywords:
52 silly install resolved      [ 'api',
52 silly install resolved        'test',
52 silly install resolved        'testing',
52 silly install resolved        'documenation',
52 silly install resolved        'integration',
52 silly install resolved        'acceptance' ],
52 silly install resolved     author:
52 silly install resolved      { name: 'Apiary Czech Republic, s.r.o.',
52 silly install resolved        email: 'support@apiary.io' },
52 silly install resolved     license: 'MIT',
52 silly install resolved     config: { commitizen: [Object] },
52 silly install resolved     gitHead: '771f88a6844dfacb64e5a51dd0acd94a89cbaa4b',
52 silly install resolved     bugs: { url: 'https://github.com/apiaryio/dredd/issues' },
52 silly install resolved     homepage: 'https://github.com/apiaryio/dredd#readme',
52 silly install resolved     _id: 'dredd@4.5.0',
52 silly install resolved     _shasum: 'a29e95a750d0efa540cd0eeb676af8ab9ccbc017',
52 silly install resolved     _from: 'dredd@latest',
52 silly install resolved     _npmVersion: '4.6.1',
52 silly install resolved     _nodeVersion: '6.11.3',
52 silly install resolved     _npmUser: { name: 'apiary-sre', email: 'sre@apiary.io' },
52 silly install resolved     dist:
52 silly install resolved      { shasum: 'a29e95a750d0efa540cd0eeb676af8ab9ccbc017',
52 silly install resolved        tarball: 'https://registry.npmjs.org/dredd/-/dredd-4.5.0.tgz' },
52 silly install resolved     maintainers:
52 silly install resolved      [ [Object],
52 silly install resolved        [Object],
52 silly install resolved        [Object],
52 silly install resolved        [Object],
52 silly install resolved        [Object],
52 silly install resolved        [Object],
52 silly install resolved        [Object],
52 silly install resolved        [Object],
52 silly install resolved        [Object],
52 silly install resolved        [Object],
52 silly install resolved        [Object] ],
52 silly install resolved     _npmOperationalInternal:
52 silly install resolved      { host: 's3://npm-registry-packages',
52 silly install resolved        tmp: 'tmp/dredd-4.5.0.tgz_1504816633372_0.29852590593509376' },
52 silly install resolved     directories: {},
52 silly install resolved     _resolved: 'https://registry.npmjs.org/dredd/-/dredd-4.5.0.tgz' } ]
53 info install dredd@4.5.0 into /usr/lib
54 info installOne dredd@4.5.0
55 verbose installOne of dredd to /usr/lib not in flight; installing
56 verbose correctMkdir /home/oracle/.npm/_locks correctMkdir not in flight; initializing
57 verbose makeDirectory /home/oracle/.npm/_locks creation not in flight; initializing
58 silly makeDirectory /home/oracle/.npm/_locks uid: 1000 gid: 1001
59 verbose lock using /home/oracle/.npm/_locks/dredd-32c7d6b9804c52ab.lock for /usr/lib/node_modules/dredd
60 silly install write writing dredd 4.5.0 to /usr/lib/node_modules/dredd
61 verbose unbuild lib/node_modules/dredd
62 info preuninstall dredd@4.5.0
63 info uninstall dredd@4.5.0
64 verbose unbuild rmStuff dredd@4.5.0 from /usr/lib/node_modules
65 silly gentlyRm /usr/bin/dredd is being gently removed
66 silly gentlyRm verifying /usr is an npm working directory
67 silly gentlyRm containing path /usr is under npm's control, in /usr
68 silly gentlyRm deletion target /usr/bin/dredd is under /usr
69 verbose gentlyRm vacuuming from /usr/bin/dredd up to /usr
70 silly vacuum-fs removing /usr/bin/dredd
71 verbose unlock done using /home/oracle/.npm/_locks/dredd-32c7d6b9804c52ab.lock for /usr/lib/node_modules/dredd
72 verbose stack Error: EACCES: permission denied, unlink '/usr/bin/dredd'
72 verbose stack     at Error (native)
73 verbose cwd /home/oracle/myenergy1
74 error Linux 4.1.12-94.5.7.el7uek.x86_64
75 error argv "/usr/bin/node" "/usr/bin/npm" "install" "-g" "dredd"
76 error node v4.8.4
77 error npm  v2.15.11
78 error path /usr/bin/dredd
79 error code EACCES
80 error errno -13
81 error syscall unlink
82 error Error: EACCES: permission denied, unlink '/usr/bin/dredd'
82 error     at Error (native)
82 error  { [Error: EACCES: permission denied, unlink '/usr/bin/dredd']
82 error   errno: -13,
82 error   code: 'EACCES',
82 error   syscall: 'unlink',
82 error   path: '/usr/bin/dredd' }
83 error Please try running this command again as root/Administrator.
84 verbose exit [ -13, true ]
85 verbose unbuild lib/node_modules/dredd
86 info preuninstall dredd@4.5.0
87 info uninstall dredd@4.5.0
88 verbose unbuild rmStuff dredd@4.5.0 from /usr/lib/node_modules
89 silly gentlyRm /usr/bin/dredd is being gently removed
90 silly gentlyRm verifying /usr is an npm working directory
91 silly gentlyRm containing path /usr is under npm's control, in /usr
92 silly gentlyRm deletion target /usr/bin/dredd is under /usr
93 verbose gentlyRm vacuuming from /usr/bin/dredd up to /usr
94 silly vacuum-fs removing /usr/bin/dredd
95 error error rolling back Error: EACCES: permission denied, unlink '/usr/bin/dredd'
95 error error rolling back     at Error (native)
95 error error rolling back  { [Error: EACCES: permission denied, unlink '/usr/bin/dredd']
95 error error rolling back   errno: -13,
95 error error rolling back   code: 'EACCES',
95 error error rolling back   syscall: 'unlink',
95 error error rolling back   path: '/usr/bin/dredd' }
